0 info it worked if it ends with ok
1 verbose cli [ '/usr/bin/node',
1 verbose cli   '/usr/bin/npm',
1 verbose cli   'run',
1 verbose cli   'build',
1 verbose cli   '--',
1 verbose cli   'css-themes' ]
2 info using npm@3.5.2
3 info using node@v8.10.0
4 verbose run-script [ 'prebuild', 'build', 'postbuild' ]
5 info lifecycle reveal.js@4.1.3~prebuild: reveal.js@4.1.3
6 silly lifecycle reveal.js@4.1.3~prebuild: no script for prebuild, continuing
7 info lifecycle reveal.js@4.1.3~build: reveal.js@4.1.3
8 verbose lifecycle reveal.js@4.1.3~build: unsafe-perm in lifecycle true
9 verbose lifecycle reveal.js@4.1.3~build: PATH: /usr/share/npm/bin/node-gyp-bin:/home/maganoegi/Documents/nomades/python_course_autumn_2021/course/node_modules/.bin:/home/maganoegi/Downloads/dart-sass:/home/maganoegi/.local/bin:/home/maganoegi/bin:/usr/lib/jvm/java-1.11.0-openjdk-amd64/bin:/usr/local/sbin:/usr/local/bin:/usr/sbin:/usr/bin:/sbin:/bin:/usr/games:/usr/local/games:/snap/bin:/opt/apache-maven-3.6.3/bin:/usr/lib/jvm/jdk-15/bin
10 verbose lifecycle reveal.js@4.1.3~build: CWD: /home/maganoegi/Documents/nomades/python_course_autumn_2021/course
11 silly lifecycle reveal.js@4.1.3~build: Args: [ '-c', 'gulp build "css-themes"' ]
12 info lifecycle reveal.js@4.1.3~build: Failed to exec build script
13 verbose stack Error: reveal.js@4.1.3 build: `gulp build "css-themes"`
13 verbose stack spawn ENOENT
13 verbose stack     at ChildProcess.<anonymous> (/usr/share/npm/lib/utils/spawn.js:17:16)
13 verbose stack     at emitTwo (events.js:126:13)
13 verbose stack     at ChildProcess.emit (events.js:214:7)
13 verbose stack     at maybeClose (internal/child_process.js:925:16)
13 verbose stack     at Process.ChildProcess._handle.onexit (internal/child_process.js:209:5)
14 verbose pkgid reveal.js@4.1.3
15 verbose cwd /home/maganoegi/Documents/nomades/python_course_autumn_2021/course
16 error Linux 5.5.10-050510-generic
17 error argv "/usr/bin/node" "/usr/bin/npm" "run" "build" "--" "css-themes"
18 error node v8.10.0
19 error npm  v3.5.2
20 error file sh
21 error code ELIFECYCLE
22 error errno ENOENT
23 error syscall spawn
24 error reveal.js@4.1.3 build: `gulp build "css-themes"`
24 error spawn ENOENT
25 error Failed at the reveal.js@4.1.3 build script 'gulp build "css-themes"'.
25 error Make sure you have the latest version of node.js and npm installed.
25 error If you do, this is most likely a problem with the reveal.js package,
25 error not with npm itself.
25 error Tell the author that this fails on your system:
25 error     gulp build "css-themes"
25 error You can get information on how to open an issue for this project with:
25 error     npm bugs reveal.js
25 error Or if that isn't available, you can get their info via:
25 error     npm owner ls reveal.js
25 error There is likely additional logging output above.
26 verbose exit [ 1, true ]
